<?xml version="1.0" encoding="UTF-8"?>
<!-- Generated by org.testng.reporters.JUnitReportReporter -->
<testsuite hostname="DESKTOP-741UVHL" name="seleniumQTP_Tests.SeleniumQTP_RegistrationPage1_Test" tests="1" failures="0" timestamp="18 Feb 2018 17:31:46 GMT" time="16.379" errors="0">
  <testcase name="succefullyNavigatePage1" time="16.379" classname="seleniumQTP_Tests.SeleniumQTP_RegistrationPage1_Test"/>
</testsuite> <!-- seleniumQTP_Tests.SeleniumQTP_RegistrationPage1_Test -->
